<?xml version="1.0" encoding="UTF-8"?>
<!-- Generated by org.testng.reporters.JUnitXMLReporter -->
<testsuite hostname="SebahattinsAir2.home" ignored="0" name="Default test" tests="4" failures="0" timestamp="2020-07-29T23:21:03 CDT" time="139.736" errors="0">
  <testcase name="choosingStar" time="3.061" classname="com.qa.hotels.com.test.Hotels3StarPageTest"/>
  <testcase name="landmar" time="2.451" classname="com.qa.hotels.com.test.Hotels3StarPageTest"/>
  <testcase name="PageDown" time="110.427" classname="com.qa.hotels.com.test.Hotels3StarPageTest"/>
  <testcase name="threeStarHotels" time="1.477" classname="com.qa.hotels.com.test.Hotels3StarPageTest"/>
</testsuite> <!-- Default test -->
