<?xml version="1.0" encoding="UTF-8"?>
<testng-results skipped="0" failed="1" ignored="0" total="17" passed="16">
  <reporter-output>
  </reporter-output>
  <suite name="Hotels_COM" duration-ms="453441" started-at="2020-07-29T23:32:56 CDT" finished-at="2020-07-29T23:40:29 CDT">
    <groups>
    </groups>
    <test name="Verizon Functional Regression Test" duration-ms="453441" started-at="2020-07-29T23:32:56 CDT" finished-at="2020-07-29T23:40:29 CDT">
      <class name="com.qa.hotels.com.test.Hotels4StarPageTest">
        <test-method status="PASS" signature="SetUp()[pri:0, instance:com.qa.hotels.com.test.Hotels4StarPageTest@6895a785]" name="SetUp" is-config="true" duration-ms="22844" started-at="2020-07-29T23:33:23 CDT" finished-at="2020-07-29T23:33:46 CDT">
          <reporter-output>
          </reporter-output>
        </test-method> <!-- SetUp -->
        <test-method status="PASS" signature="choosingStar()[pri:1, instance:com.qa.hotels.com.test.Hotels4StarPageTest@6895a785]" name="choosingStar" duration-ms="1447" started-at="2020-07-29T23:39:34 CDT" finished-at="2020-07-29T23:39:35 CDT">
          <reporter-output>
          </reporter-output>
        </test-method> <!-- choosingStar -->
        <test-method status="PASS" signature="landmark()[pri:2, instance:com.qa.hotels.com.test.Hotels4StarPageTest@6895a785]" name="landmark" duration-ms="10277" started-at="2020-07-29T23:39:35 CDT" finished-at="2020-07-29T23:39:46 CDT">
          <reporter-output>
          </reporter-output>
        </test-method> <!-- landmark -->
        <test-method status="PASS" signature="down()[pri:3, instance:com.qa.hotels.com.test.Hotels4StarPageTest@6895a785]" name="down" duration-ms="42262" started-at="2020-07-29T23:39:46 CDT" finished-at="2020-07-29T23:40:28 CDT">
          <reporter-output>
          </reporter-output>
        </test-method> <!-- down -->
        <test-method status="PASS" signature="fourStarHotels()[pri:4, instance:com.qa.hotels.com.test.Hotels4StarPageTest@6895a785]" name="fourStarHotels" duration-ms="316" started-at="2020-07-29T23:40:28 CDT" finished-at="2020-07-29T23:40:28 CDT">
          <reporter-output>
          </reporter-output>
        </test-method> <!-- fourStarHotels -->
        <test-method status="PASS" signature="tearDown()[pri:0, instance:com.qa.hotels.com.test.Hotels4StarPageTest@6895a785]" name="tearDown" is-config="true" duration-ms="215" started-at="2020-07-29T23:40:29 CDT" finished-at="2020-07-29T23:40:29 CDT">
          <reporter-output>
          </reporter-output>
        </test-method> <!-- tearDown -->
      </class> <!-- com.qa.hotels.com.test.Hotels4StarPageTest -->
      <class name="com.qa.hotels.com.test.Hotels3StarPageTest">
        <test-method status="PASS" signature="SetUp()[pri:0, instance:com.qa.hotels.com.test.Hotels3StarPageTest@48503868]" name="SetUp" is-config="true" duration-ms="21893" started-at="2020-07-29T23:33:01 CDT" finished-at="2020-07-29T23:33:23 CDT">
          <reporter-output>
          </reporter-output>
        </test-method> <!-- SetUp -->
        <test-method status="PASS" signature="choosingStar()[pri:1, instance:com.qa.hotels.com.test.Hotels3StarPageTest@48503868]" name="choosingStar" duration-ms="1654" started-at="2020-07-29T23:37:40 CDT" finished-at="2020-07-29T23:37:41 CDT">
          <reporter-output>
          </reporter-output>
        </test-method> <!-- choosingStar -->
        <test-method status="PASS" signature="landmar()[pri:2, instance:com.qa.hotels.com.test.Hotels3StarPageTest@48503868]" name="landmar" duration-ms="2785" started-at="2020-07-29T23:37:41 CDT" finished-at="2020-07-29T23:37:44 CDT">
          <reporter-output>
          </reporter-output>
        </test-method> <!-- landmar -->
        <test-method status="PASS" signature="PageDown()[pri:3, instance:com.qa.hotels.com.test.Hotels3StarPageTest@48503868]" name="PageDown" duration-ms="109600" started-at="2020-07-29T23:37:44 CDT" finished-at="2020-07-29T23:39:34 CDT">
          <reporter-output>
          </reporter-output>
        </test-method> <!-- PageDown -->
        <test-method status="PASS" signature="threeStarHotels()[pri:4, instance:com.qa.hotels.com.test.Hotels3StarPageTest@48503868]" name="threeStarHotels" duration-ms="142" started-at="2020-07-29T23:39:34 CDT" finished-at="2020-07-29T23:39:34 CDT">
          <reporter-output>
          </reporter-output>
        </test-method> <!-- threeStarHotels -->
        <test-method status="PASS" signature="tearDown()[pri:0, instance:com.qa.hotels.com.test.Hotels3StarPageTest@48503868]" name="tearDown" is-config="true" duration-ms="215" started-at="2020-07-29T23:40:29 CDT" finished-at="2020-07-29T23:40:29 CDT">
          <reporter-output>
          </reporter-output>
        </test-method> <!-- tearDown -->
      </class> <!-- com.qa.hotels.com.test.Hotels3StarPageTest -->
      <class name="com.qa.hotels.com.test.Hotels5StarPageTest">
        <test-method status="PASS" signature="SetUp()[pri:0, instance:com.qa.hotels.com.test.Hotels5StarPageTest@4e7dc304]" name="SetUp" is-config="true" duration-ms="21057" started-at="2020-07-29T23:33:46 CDT" finished-at="2020-07-29T23:34:07 CDT">
          <reporter-output>
          </reporter-output>
        </test-method> <!-- SetUp -->
        <test-method status="PASS" signature="choosingStar()[pri:1, instance:com.qa.hotels.com.test.Hotels5StarPageTest@4e7dc304]" name="choosingStar" duration-ms="1738" started-at="2020-07-29T23:34:31 CDT" finished-at="2020-07-29T23:34:32 CDT">
          <reporter-output>
          </reporter-output>
        </test-method> <!-- choosingStar -->
        <test-method status="FAIL" signature="landmark()[pri:2, instance:com.qa.hotels.com.test.Hotels5StarPageTest@4e7dc304]" name="landmark" duration-ms="21151" started-at="2020-07-29T23:34:32 CDT" finished-at="2020-07-29T23:34:53 CDT">
          <exception class="org.openqa.selenium.NoSuchElementException">
            <message>
              <![CDATA[no such element: Unable to locate element: {"method":"css selector","selector":"#f\-distance"}
  (Session info: chrome=84.0.4147.105)
For documentation on this error, please visit: https://www.seleniumhq.org/exceptions/no_such_element.html
Build info: version: '3.141.59', revision: 'e82be7d358', time: '2018-11-14T08:17:03'
System info: host: 'SebahattinsAir2.home', ip: 'fe80:0:0:0:cbb:df0d:3649:ab56%en0', os.name: 'Mac OS X', os.arch: 'x86_64', os.version: '10.15.5', java.version: '1.8.0_251'
Driver info: org.openqa.selenium.chrome.ChromeDriver
Capabilities {acceptInsecureCerts: false, browserName: chrome, browserVersion: 84.0.4147.105, chrome: {chromedriverVersion: 84.0.4147.30 (48b3e868b4cc0..., userDataDir: /var/folders/j_/yybr678x76l...}, goog:chromeOptions: {debuggerAddress: localhost:57226}, javascriptEnabled: true, networkConnectionEnabled: false, pageLoadStrategy: normal, platform: MAC, platformName: MAC, proxy: Proxy(), setWindowRect: true, strictFileInteractability: false, timeouts: {implicit: 0, pageLoad: 300000, script: 30000}, unhandledPromptBehavior: dismiss and notify, webauthn:virtualAuthenticators: true}
Session ID: baf934d5d57ee74a830f18dbd0ab58a0
*** Element info: {Using=id, value=f-distance}]]>
            </message>
            <full-stacktrace>
              <![CDATA[org.openqa.selenium.NoSuchElementException: no such element: Unable to locate element: {"method":"css selector","selector":"#f\-distance"}
  (Session info: chrome=84.0.4147.105)
For documentation on this error, please visit: https://www.seleniumhq.org/exceptions/no_such_element.html
Build info: version: '3.141.59', revision: 'e82be7d358', time: '2018-11-14T08:17:03'
System info: host: 'SebahattinsAir2.home', ip: 'fe80:0:0:0:cbb:df0d:3649:ab56%en0', os.name: 'Mac OS X', os.arch: 'x86_64', os.version: '10.15.5', java.version: '1.8.0_251'
Driver info: org.openqa.selenium.chrome.ChromeDriver
Capabilities {acceptInsecureCerts: false, browserName: chrome, browserVersion: 84.0.4147.105, chrome: {chromedriverVersion: 84.0.4147.30 (48b3e868b4cc0..., userDataDir: /var/folders/j_/yybr678x76l...}, goog:chromeOptions: {debuggerAddress: localhost:57226}, javascriptEnabled: true, networkConnectionEnabled: false, pageLoadStrategy: normal, platform: MAC, platformName: MAC, proxy: Proxy(), setWindowRect: true, strictFileInteractability: false, timeouts: {implicit: 0, pageLoad: 300000, script: 30000}, unhandledPromptBehavior: dismiss and notify, webauthn:virtualAuthenticators: true}
Session ID: baf934d5d57ee74a830f18dbd0ab58a0
*** Element info: {Using=id, value=f-distance}
at sun.reflect.NativeConstructorAccessorImpl.newInstance0(Native Method)
at sun.reflect.NativeConstructorAccessorImpl.newInstance(NativeConstructorAccessorImpl.java:62)
at sun.reflect.DelegatingConstructorAccessorImpl.newInstance(DelegatingConstructorAccessorImpl.java:45)
at java.lang.reflect.Constructor.newInstance(Constructor.java:423)
at org.openqa.selenium.remote.http.W3CHttpResponseCodec.createException(W3CHttpResponseCodec.java:187)
at org.openqa.selenium.remote.http.W3CHttpResponseCodec.decode(W3CHttpResponseCodec.java:122)
at org.openqa.selenium.remote.http.W3CHttpResponseCodec.decode(W3CHttpResponseCodec.java:49)
at org.openqa.selenium.remote.HttpCommandExecutor.execute(HttpCommandExecutor.java:158)
at org.openqa.selenium.remote.service.DriverCommandExecutor.execute(DriverCommandExecutor.java:83)
at org.openqa.selenium.remote.RemoteWebDriver.execute(RemoteWebDriver.java:552)
at org.openqa.selenium.remote.RemoteWebDriver.findElement(RemoteWebDriver.java:323)
at org.openqa.selenium.remote.RemoteWebDriver.findElementById(RemoteWebDriver.java:372)
at org.openqa.selenium.By$ById.findElement(By.java:188)
at org.openqa.selenium.remote.RemoteWebDriver.findElement(RemoteWebDriver.java:315)
at com.qa.hotels.com.page.Hotels5Star.landmarks(Hotels5Star.java:46)
at com.qa.hotels.com.test.Hotels5StarPageTest.landmark(Hotels5StarPageTest.java:50)
at sun.reflect.NativeMethodAccessorImpl.invoke0(Native Method)
at sun.reflect.NativeMethodAccessorImpl.invoke(NativeMethodAccessorImpl.java:62)
at sun.reflect.DelegatingMethodAccessorImpl.invoke(DelegatingMethodAccessorImpl.java:43)
at java.lang.reflect.Method.invoke(Method.java:498)
at org.testng.internal.MethodInvocationHelper.invokeMethod(MethodInvocationHelper.java:135)
at org.testng.internal.TestInvoker.invokeMethod(TestInvoker.java:598)
at org.testng.internal.TestInvoker.invokeTestMethod(TestInvoker.java:174)
at org.testng.internal.MethodRunner.runInSequence(MethodRunner.java:46)
at org.testng.internal.TestInvoker$MethodInvocationAgent.invoke(TestInvoker.java:821)
at org.testng.internal.TestInvoker.invokeTestMethods(TestInvoker.java:147)
at org.testng.internal.TestMethodWorker.invokeTestMethods(TestMethodWorker.java:146)
at org.testng.internal.TestMethodWorker.run(TestMethodWorker.java:128)
at java.util.ArrayList.forEach(ArrayList.java:1257)
at org.testng.TestRunner.privateRun(TestRunner.java:767)
at org.testng.TestRunner.run(TestRunner.java:588)
at org.testng.SuiteRunner.runTest(SuiteRunner.java:384)
at org.testng.SuiteRunner.runSequentially(SuiteRunner.java:378)
at org.testng.SuiteRunner.privateRun(SuiteRunner.java:337)
at org.testng.SuiteRunner.run(SuiteRunner.java:286)
at org.testng.SuiteRunnerWorker.runSuite(SuiteRunnerWorker.java:53)
at org.testng.SuiteRunnerWorker.run(SuiteRunnerWorker.java:96)
at org.testng.TestNG.runSuitesSequentially(TestNG.java:1214)
at org.testng.TestNG.runSuitesLocally(TestNG.java:1136)
at org.testng.TestNG.runSuites(TestNG.java:1066)
at org.testng.TestNG.run(TestNG.java:1034)
at org.testng.remote.AbstractRemoteTestNG.run(AbstractRemoteTestNG.java:115)
at org.testng.remote.RemoteTestNG.initAndRun(RemoteTestNG.java:251)
at org.testng.remote.RemoteTestNG.main(RemoteTestNG.java:77)
]]>
            </full-stacktrace>
          </exception> <!-- org.openqa.selenium.NoSuchElementException -->
          <reporter-output>
          </reporter-output>
        </test-method> <!-- landmark -->
        <test-method status="PASS" signature="PageDown()[pri:3, instance:com.qa.hotels.com.test.Hotels5StarPageTest@4e7dc304]" name="PageDown" duration-ms="22196" started-at="2020-07-29T23:34:53 CDT" finished-at="2020-07-29T23:35:16 CDT">
          <reporter-output>
          </reporter-output>
        </test-method> <!-- PageDown -->
        <test-method status="PASS" signature="fiveStarHotels()[pri:4, instance:com.qa.hotels.com.test.Hotels5StarPageTest@4e7dc304]" name="fiveStarHotels" duration-ms="234" started-at="2020-07-29T23:35:16 CDT" finished-at="2020-07-29T23:35:16 CDT">
          <reporter-output>
          </reporter-output>
        </test-method> <!-- fiveStarHotels -->
      </class> <!-- com.qa.hotels.com.test.Hotels5StarPageTest -->
      <class name="com.qa.hotels.com.test.HomePageTest">
        <test-method status="PASS" signature="SetUp()[pri:0, instance:com.qa.hotels.com.test.HomePageTest@10bbd20a]" name="SetUp" is-config="true" duration-ms="5647" started-at="2020-07-29T23:32:56 CDT" finished-at="2020-07-29T23:33:01 CDT">
          <reporter-output>
          </reporter-output>
        </test-method> <!-- SetUp -->
        <test-method status="PASS" signature="verifyHomePageTitle()[pri:1, instance:com.qa.hotels.com.test.HomePageTest@10bbd20a]" name="verifyHomePageTitle" duration-ms="130" started-at="2020-07-29T23:37:26 CDT" finished-at="2020-07-29T23:37:26 CDT">
          <reporter-output>
          </reporter-output>
        </test-method> <!-- verifyHomePageTitle -->
        <test-method status="PASS" signature="destinationChoosing()[pri:2, instance:com.qa.hotels.com.test.HomePageTest@10bbd20a]" name="destinationChoosing" duration-ms="13657" started-at="2020-07-29T23:37:26 CDT" finished-at="2020-07-29T23:37:40 CDT">
          <reporter-output>
          </reporter-output>
        </test-method> <!-- destinationChoosing -->
        <test-method status="PASS" signature="CloseBrowser()[pri:0, instance:com.qa.hotels.com.test.HomePageTest@10bbd20a]" name="CloseBrowser" is-config="true" duration-ms="426" started-at="2020-07-29T23:40:28 CDT" finished-at="2020-07-29T23:40:29 CDT">
          <reporter-output>
          </reporter-output>
        </test-method> <!-- CloseBrowser -->
      </class> <!-- com.qa.hotels.com.test.HomePageTest -->
      <class name="com.qa.hotels.com.test.HotelsPageTest">
        <test-method status="PASS" signature="SetUp()[pri:0, instance:com.qa.hotels.com.test.HotelsPageTest@64729b1e]" name="SetUp" is-config="true" duration-ms="23248" started-at="2020-07-29T23:34:07 CDT" finished-at="2020-07-29T23:34:31 CDT">
          <reporter-output>
          </reporter-output>
        </test-method> <!-- SetUp -->
        <test-method status="PASS" signature="choosingStar()[pri:1, instance:com.qa.hotels.com.test.HotelsPageTest@64729b1e]" name="choosingStar" duration-ms="1505" started-at="2020-07-29T23:35:16 CDT" finished-at="2020-07-29T23:35:17 CDT">
          <reporter-output>
          </reporter-output>
        </test-method> <!-- choosingStar -->
        <test-method status="PASS" signature="PageDown()[pri:2, instance:com.qa.hotels.com.test.HotelsPageTest@64729b1e]" name="PageDown" duration-ms="128450" started-at="2020-07-29T23:35:17 CDT" finished-at="2020-07-29T23:37:26 CDT">
          <reporter-output>
          </reporter-output>
        </test-method> <!-- PageDown -->
        <test-method status="PASS" signature="checkingHilton()[pri:3, instance:com.qa.hotels.com.test.HotelsPageTest@64729b1e]" name="checkingHilton" duration-ms="49" started-at="2020-07-29T23:37:26 CDT" finished-at="2020-07-29T23:37:26 CDT">
          <reporter-output>
          </reporter-output>
        </test-method> <!-- checkingHilton -->
        <test-method status="PASS" signature="tearDown()[pri:0, instance:com.qa.hotels.com.test.HotelsPageTest@64729b1e]" name="tearDown" is-config="true" duration-ms="185" started-at="2020-07-29T23:40:29 CDT" finished-at="2020-07-29T23:40:29 CDT">
          <reporter-output>
          </reporter-output>
        </test-method> <!-- tearDown -->
      </class> <!-- com.qa.hotels.com.test.HotelsPageTest -->
    </test> <!-- Verizon Functional Regression Test -->
  </suite> <!-- Hotels_COM -->
</testng-results>
